170627 19:42:42 [Note] Plugin 'FEDERATED' is disabled.
170627 19:42:42 InnoDB: The InnoDB memory heap is disabled
170627 19:42:42 InnoDB: Mutexes and rw_locks use Windows interlocked functions
170627 19:42:42 InnoDB: Compressed tables use zlib 1.2.3
170627 19:42:42 InnoDB: Initializing buffer pool, size = 128.0M
170627 19:42:42 InnoDB: Completed initialization of buffer pool
170627 19:42:42 InnoDB: Error: tablespace size must be at least 10 MB
170627 19:42:42 [ERROR] Plugin 'InnoDB' init function returned error.
170627 19:42:42 [ERROR] Plugin 'InnoDB' registration as a STORAGE ENGINE failed.
170627 19:43:14 [Note] Plugin 'FEDERATED' is disabled.
170627 19:43:14 InnoDB: The InnoDB memory heap is disabled
170627 19:43:14 InnoDB: Mutexes and rw_locks use Windows interlocked functions
170627 19:43:14 InnoDB: Compressed tables use zlib 1.2.3
170627 19:43:14 InnoDB: Initializing buffer pool, size = 128.0M
170627 19:43:14 InnoDB: Completed initialization of buffer pool
170627 19:43:14 InnoDB: Error: tablespace size must be at least 10 MB
170627 19:43:14 [ERROR] Plugin 'InnoDB' init function returned error.
170627 19:43:14 [ERROR] Plugin 'InnoDB' registration as a STORAGE ENGINE failed.
170627 19:48:28 [Note] Plugin 'FEDERATED' is disabled.
170627 19:48:28 InnoDB: The InnoDB memory heap is disabled
170627 19:48:28 InnoDB: Mutexes and rw_locks use Windows interlocked functions
170627 19:48:28 InnoDB: Compressed tables use zlib 1.2.3
170627 19:48:28 InnoDB: Initializing buffer pool, size = 128.0M
170627 19:48:28 InnoDB: Completed initialization of buffer pool
InnoDB: The first specified data file .\ibdata1 did not exist:
InnoDB: a new database to be created!
170627 19:48:28  InnoDB: Setting file .\ibdata1 size to 10 MB
InnoDB: Database physically writes the file full: wait...
170627 19:48:28  InnoDB: Log file .\ib_logfile0 did not exist: new to be created
InnoDB: Setting log file .\ib_logfile0 size to 5 MB
InnoDB: Database physically writes the file full: wait...
170627 19:48:28  InnoDB: Log file .\ib_logfile1 did not exist: new to be created
InnoDB: Setting log file .\ib_logfile1 size to 5 MB
InnoDB: Database physically writes the file full: wait...
InnoDB: Doublewrite buffer not found: creating new
InnoDB: Doublewrite buffer created
InnoDB: 127 rollback segment(s) active.
InnoDB: Creating foreign key constraint system tables
InnoDB: Foreign key constraint system tables created
170627 19:48:29  InnoDB: Waiting for the background threads to start
170627 19:48:30 InnoDB: 1.1.7 started; log sequence number 0
170627 19:48:30 [ERROR] Native table 'performance_schema'.'events_waits_current' has the wrong structure
170627 19:48:30 [ERROR] Native table 'performance_schema'.'events_waits_history' has the wrong structure
170627 19:48:30 [ERROR] Native table 'performance_schema'.'events_waits_history_long' has the wrong structure
170627 19:48:30 [ERROR] Native table 'performance_schema'.'setup_consumers' has the wrong structure
170627 19:48:30 [ERROR] Native table 'performance_schema'.'setup_instruments' has the wrong structure
170627 19:48:30 [ERROR] Native table 'performance_schema'.'setup_timers' has the wrong structure
170627 19:48:30 [ERROR] Native table 'performance_schema'.'performance_timers' has the wrong structure
170627 19:48:30 [ERROR] Native table 'performance_schema'.'threads' has the wrong structure
170627 19:48:30 [ERROR] Native table 'performance_schema'.'events_waits_summary_by_thread_by_event_name' has the wrong structure
170627 19:48:30 [ERROR] Native table 'performance_schema'.'events_waits_summary_by_instance' has the wrong structure
170627 19:48:30 [ERROR] Native table 'performance_schema'.'events_waits_summary_global_by_event_name' has the wrong structure
170627 19:48:30 [ERROR] Native table 'performance_schema'.'file_summary_by_event_name' has the wrong structure
170627 19:48:30 [ERROR] Native table 'performance_schema'.'file_summary_by_instance' has the wrong structure
170627 19:48:30 [ERROR] Native table 'performance_schema'.'mutex_instances' has the wrong structure
170627 19:48:30 [ERROR] Native table 'performance_schema'.'rwlock_instances' has the wrong structure
170627 19:48:30 [ERROR] Native table 'performance_schema'.'cond_instances' has the wrong structure
170627 19:48:30 [ERROR] Native table 'performance_schema'.'file_instances' has the wrong structure
170627 19:48:30 [Note] Event Scheduler: Loaded 0 events
170627 19:48:30 [Note] mysqld.exe: ready for connections.
Version: '5.5.13'  socket: ''  port: 3306  MySQL Community Server (GPL)
170627 19:53:24 [Note] Plugin 'FEDERATED' is disabled.
170627 19:53:24 InnoDB: The InnoDB memory heap is disabled
170627 19:53:24 InnoDB: Mutexes and rw_locks use Windows interlocked functions
170627 19:53:24 InnoDB: Compressed tables use zlib 1.2.3
170627 19:53:24 InnoDB: Initializing buffer pool, size = 128.0M
170627 19:53:24 InnoDB: Completed initialization of buffer pool
170627 19:53:24  InnoDB: Operating system error number 32 in a file operation.
InnoDB: The error means that another program is using InnoDB's files.
InnoDB: This might be a backup or antivirus software or another instance
InnoDB: of MySQL. Please close it to get rid of this error.
170627 19:53:35  InnoDB: Operating system error number 32 in a file operation.
InnoDB: The error means that another program is using InnoDB's files.
InnoDB: This might be a backup or antivirus software or another instance
InnoDB: of MySQL. Please close it to get rid of this error.
170627 19:53:45  InnoDB: Operating system error number 32 in a file operation.
InnoDB: The error means that another program is using InnoDB's files.
InnoDB: This might be a backup or antivirus software or another instance
InnoDB: of MySQL. Please close it to get rid of this error.
170627 19:53:55  InnoDB: Operating system error number 32 in a file operation.
InnoDB: The error means that another program is using InnoDB's files.
InnoDB: This might be a backup or antivirus software or another instance
InnoDB: of MySQL. Please close it to get rid of this error.
170627 20:01:01 [Note] Plugin 'FEDERATED' is disabled.
170627 20:01:01 InnoDB: The InnoDB memory heap is disabled
170627 20:01:01 InnoDB: Mutexes and rw_locks use Windows interlocked functions
170627 20:01:01 InnoDB: Compressed tables use zlib 1.2.3
170627 20:01:01 InnoDB: Initializing buffer pool, size = 128.0M
170627 20:01:01 InnoDB: Completed initialization of buffer pool
170627 20:01:01 InnoDB: highest supported file format is Barracuda.
InnoDB: The log sequence number in ibdata files does not match
InnoDB: the log sequence number in the ib_logfiles!
170627 20:01:01  InnoDB: Database was not shut down normally!
InnoDB: Starting crash recovery.
InnoDB: Reading tablespace information from the .ibd files...
InnoDB: Restoring possible half-written data pages from the doublewrite
InnoDB: buffer...
170627 20:01:01  InnoDB: Waiting for the background threads to start
170627 20:01:02 InnoDB: 1.1.7 started; log sequence number 1648118
170627 20:01:02 [ERROR] Can't start server: Bind on TCP/IP port: No such file or directory
170627 20:01:02 [ERROR] Do you already have another mysqld server running on port: 3306 ?
170627 20:01:02 [ERROR] Aborting

170627 20:01:02  InnoDB: Starting shutdown...
170627 20:01:03  InnoDB: Shutdown completed; log sequence number 1648118
170627 20:01:03 [Note] Portable.Mysql.5.5.13-Very.Small\bin\mysqld.exe: Shutdown complete

170627 20:08:10 [Note] Plugin 'FEDERATED' is disabled.
170627 20:08:10 InnoDB: The InnoDB memory heap is disabled
170627 20:08:10 InnoDB: Mutexes and rw_locks use Windows interlocked functions
170627 20:08:10 InnoDB: Compressed tables use zlib 1.2.3
170627 20:08:10 InnoDB: Initializing buffer pool, size = 128.0M
170627 20:08:10 InnoDB: Completed initialization of buffer pool
170627 20:08:10 InnoDB: highest supported file format is Barracuda.
170627 20:08:10  InnoDB: Waiting for the background threads to start
170627 20:08:11 InnoDB: 1.1.7 started; log sequence number 1648118
170627 20:08:11 [ERROR] Can't start server: Bind on TCP/IP port: No such file or directory
170627 20:08:11 [ERROR] Do you already have another mysqld server running on port: 3306 ?
170627 20:08:11 [ERROR] Aborting

170627 20:08:11  InnoDB: Starting shutdown...
170627 20:08:12  InnoDB: Shutdown completed; log sequence number 1648118
170627 20:08:12 [Note] Portable.Mysql.5.5.13-Very.Small\bin\mysqld.exe: Shutdown complete

170627 20:10:05 [Note] Plugin 'FEDERATED' is disabled.
170627 20:10:05 InnoDB: The InnoDB memory heap is disabled
170627 20:10:05 InnoDB: Mutexes and rw_locks use Windows interlocked functions
170627 20:10:05 InnoDB: Compressed tables use zlib 1.2.3
170627 20:10:05 InnoDB: Initializing buffer pool, size = 128.0M
170627 20:10:05 InnoDB: Completed initialization of buffer pool
170627 20:10:05 InnoDB: highest supported file format is Barracuda.
170627 20:10:05  InnoDB: Waiting for the background threads to start
170627 20:10:06 InnoDB: 1.1.7 started; log sequence number 1648118
170627 20:10:06 [ERROR] Can't start server: Bind on TCP/IP port: No such file or directory
170627 20:10:06 [ERROR] Do you already have another mysqld server running on port: 3306 ?
170627 20:10:06 [ERROR] Aborting

170627 20:10:06  InnoDB: Starting shutdown...
170627 20:10:07  InnoDB: Shutdown completed; log sequence number 1648118
170627 20:10:07 [Note] Portable.Mysql.5.5.13-Very.Small\bin\mysqld.exe: Shutdown complete

170627 20:14:54 [Note] Plugin 'FEDERATED' is disabled.
170627 20:14:54 InnoDB: The InnoDB memory heap is disabled
170627 20:14:54 InnoDB: Mutexes and rw_locks use Windows interlocked functions
170627 20:14:54 InnoDB: Compressed tables use zlib 1.2.3
170627 20:14:54 InnoDB: Initializing buffer pool, size = 128.0M
170627 20:14:54 InnoDB: Completed initialization of buffer pool
170627 20:14:54 InnoDB: highest supported file format is Barracuda.
170627 20:14:54  InnoDB: Waiting for the background threads to start
170627 20:14:55 InnoDB: 1.1.7 started; log sequence number 1648118
170627 20:14:55 [ERROR] Can't start server: Bind on TCP/IP port: No such file or directory
170627 20:14:55 [ERROR] Do you already have another mysqld server running on port: 3306 ?
170627 20:14:55 [ERROR] Aborting

170627 20:14:55  InnoDB: Starting shutdown...
170627 20:14:56  InnoDB: Shutdown completed; log sequence number 1648118
170627 20:14:56 [Note] Portable.Mysql.5.5.13-Very.Small\bin\mysqld.exe: Shutdown complete

170627 20:16:00 [Note] Plugin 'FEDERATED' is disabled.
170627 20:16:00 InnoDB: The InnoDB memory heap is disabled
170627 20:16:00 InnoDB: Mutexes and rw_locks use Windows interlocked functions
170627 20:16:00 InnoDB: Compressed tables use zlib 1.2.3
170627 20:16:00 InnoDB: Initializing buffer pool, size = 128.0M
170627 20:16:00 InnoDB: Completed initialization of buffer pool
170627 20:16:00 InnoDB: highest supported file format is Barracuda.
170627 20:16:01  InnoDB: Waiting for the background threads to start
170627 20:16:02 InnoDB: 1.1.7 started; log sequence number 1648118
170627 20:16:02 [ERROR] Can't start server: Bind on TCP/IP port: No such file or directory
170627 20:16:02 [ERROR] Do you already have another mysqld server running on port: 3306 ?
170627 20:16:02 [ERROR] Aborting

170627 20:16:02  InnoDB: Starting shutdown...
170627 20:16:02  InnoDB: Shutdown completed; log sequence number 1648118
170627 20:16:02 [Note] Portable.Mysql.5.5.13-Very.Small\bin\mysqld.exe: Shutdown complete

170627 20:17:58 [Note] Plugin 'FEDERATED' is disabled.
170627 20:17:58 InnoDB: The InnoDB memory heap is disabled
170627 20:17:58 InnoDB: Mutexes and rw_locks use Windows interlocked functions
170627 20:17:58 InnoDB: Compressed tables use zlib 1.2.3
170627 20:17:58 InnoDB: Initializing buffer pool, size = 128.0M
170627 20:17:58 InnoDB: Completed initialization of buffer pool
170627 20:17:58 InnoDB: highest supported file format is Barracuda.
170627 20:17:58  InnoDB: Waiting for the background threads to start
170627 20:17:59 InnoDB: 1.1.7 started; log sequence number 1648118
170627 20:17:59 [ERROR] Can't start server: Bind on TCP/IP port: No such file or directory
170627 20:17:59 [ERROR] Do you already have another mysqld server running on port: 3306 ?
170627 20:17:59 [ERROR] Aborting

170627 20:17:59  InnoDB: Starting shutdown...
170627 20:18:00  InnoDB: Shutdown completed; log sequence number 1648118
170627 20:18:00 [Note] Portable.Mysql.5.5.13-Very.Small\bin\mysqld.exe: Shutdown complete

170627 20:21:00 [Note] Plugin 'FEDERATED' is disabled.
170627 20:21:00 InnoDB: The InnoDB memory heap is disabled
170627 20:21:00 InnoDB: Mutexes and rw_locks use Windows interlocked functions
170627 20:21:00 InnoDB: Compressed tables use zlib 1.2.3
170627 20:21:00 InnoDB: Initializing buffer pool, size = 128.0M
170627 20:21:00 InnoDB: Completed initialization of buffer pool
170627 20:21:00 InnoDB: highest supported file format is Barracuda.
170627 20:21:00  InnoDB: Waiting for the background threads to start
170627 20:21:01 InnoDB: 1.1.7 started; log sequence number 1648118
170627 20:21:01 [ERROR] Can't start server: Bind on TCP/IP port: No such file or directory
170627 20:21:01 [ERROR] Do you already have another mysqld server running on port: 3306 ?
170627 20:21:01 [ERROR] Aborting

170627 20:21:01  InnoDB: Starting shutdown...
170627 20:21:01  InnoDB: Shutdown completed; log sequence number 1648118
170627 20:21:01 [Note] Portable.Mysql.5.5.13-Very.Small\bin\mysqld.exe: Shutdown complete

170627 20:23:47 [Note] Plugin 'FEDERATED' is disabled.
170627 20:23:47 InnoDB: The InnoDB memory heap is disabled
170627 20:23:47 InnoDB: Mutexes and rw_locks use Windows interlocked functions
170627 20:23:47 InnoDB: Compressed tables use zlib 1.2.3
170627 20:23:47 InnoDB: Initializing buffer pool, size = 128.0M
170627 20:23:47 InnoDB: Completed initialization of buffer pool
170627 20:23:47 InnoDB: highest supported file format is Barracuda.
170627 20:23:47  InnoDB: Waiting for the background threads to start
170627 20:23:48 InnoDB: 1.1.7 started; log sequence number 1648118
170627 20:23:48 [ERROR] Can't start server: Bind on TCP/IP port: No such file or directory
170627 20:23:48 [ERROR] Do you already have another mysqld server running on port: 3306 ?
170627 20:23:48 [ERROR] Aborting

170627 20:23:48  InnoDB: Starting shutdown...
170627 20:23:49  InnoDB: Shutdown completed; log sequence number 1648118
170627 20:23:49 [Note] Portable.Mysql.5.5.13-Very.Small\bin\mysqld.exe: Shutdown complete

170627 20:27:06 [Note] Plugin 'FEDERATED' is disabled.
170627 20:27:06 InnoDB: The InnoDB memory heap is disabled
170627 20:27:06 InnoDB: Mutexes and rw_locks use Windows interlocked functions
170627 20:27:06 InnoDB: Compressed tables use zlib 1.2.3
170627 20:27:06 InnoDB: Initializing buffer pool, size = 128.0M
170627 20:27:06 InnoDB: Completed initialization of buffer pool
170627 20:27:06 InnoDB: highest supported file format is Barracuda.
170627 20:27:07  InnoDB: Waiting for the background threads to start
170627 20:27:08 InnoDB: 1.1.7 started; log sequence number 1648118
170627 20:27:08 [ERROR] Can't start server: Bind on TCP/IP port: No such file or directory
170627 20:27:08 [ERROR] Do you already have another mysqld server running on port: 3306 ?
170627 20:27:08 [ERROR] Aborting

170627 20:27:08  InnoDB: Starting shutdown...
170627 20:27:08  InnoDB: Shutdown completed; log sequence number 1648118
170627 20:27:08 [Note] Portable.Mysql.5.5.13-Very.Small\bin\mysqld.exe: Shutdown complete

170627 20:28:13 [Note] Plugin 'FEDERATED' is disabled.
170627 20:28:13 InnoDB: The InnoDB memory heap is disabled
170627 20:28:13 InnoDB: Mutexes and rw_locks use Windows interlocked functions
170627 20:28:13 InnoDB: Compressed tables use zlib 1.2.3
170627 20:28:13 InnoDB: Initializing buffer pool, size = 128.0M
170627 20:28:13 InnoDB: Completed initialization of buffer pool
170627 20:28:13 InnoDB: highest supported file format is Barracuda.
170627 20:28:13  InnoDB: Waiting for the background threads to start
170627 20:28:14 InnoDB: 1.1.7 started; log sequence number 1648118
170627 20:28:14 [ERROR] Can't start server: Bind on TCP/IP port: No such file or directory
170627 20:28:14 [ERROR] Do you already have another mysqld server running on port: 3306 ?
170627 20:28:14 [ERROR] Aborting

170627 20:28:14  InnoDB: Starting shutdown...
170627 20:28:15  InnoDB: Shutdown completed; log sequence number 1648118
170627 20:28:15 [Note] Portable.Mysql.5.5.13-Very.Small\bin\mysqld.exe: Shutdown complete

170627 20:28:54 [Note] Plugin 'FEDERATED' is disabled.
170627 20:28:54 InnoDB: The InnoDB memory heap is disabled
170627 20:28:54 InnoDB: Mutexes and rw_locks use Windows interlocked functions
170627 20:28:54 InnoDB: Compressed tables use zlib 1.2.3
170627 20:28:54 InnoDB: Initializing buffer pool, size = 128.0M
170627 20:28:54 InnoDB: Completed initialization of buffer pool
170627 20:28:54 InnoDB: highest supported file format is Barracuda.
170627 20:28:55  InnoDB: Waiting for the background threads to start
170627 20:28:56 InnoDB: 1.1.7 started; log sequence number 1648118
170627 20:28:56 [ERROR] Can't start server: Bind on TCP/IP port: No such file or directory
170627 20:28:56 [ERROR] Do you already have another mysqld server running on port: 3306 ?
170627 20:28:56 [ERROR] Aborting

170627 20:28:56  InnoDB: Starting shutdown...
170627 20:28:56  InnoDB: Shutdown completed; log sequence number 1648118
170627 20:28:56 [Note] Portable.Mysql.5.5.13-Very.Small\bin\mysqld.exe: Shutdown complete

170627 20:31:46 [Note] Plugin 'FEDERATED' is disabled.
170627 20:31:46 InnoDB: The InnoDB memory heap is disabled
170627 20:31:46 InnoDB: Mutexes and rw_locks use Windows interlocked functions
170627 20:31:46 InnoDB: Compressed tables use zlib 1.2.3
170627 20:31:46 InnoDB: Initializing buffer pool, size = 128.0M
170627 20:31:46 InnoDB: Completed initialization of buffer pool
170627 20:31:46 InnoDB: highest supported file format is Barracuda.
170627 20:31:46  InnoDB: Waiting for the background threads to start
170627 20:31:47 InnoDB: 1.1.7 started; log sequence number 1648118
170627 20:31:47 [ERROR] Can't start server: Bind on TCP/IP port: No such file or directory
170627 20:31:47 [ERROR] Do you already have another mysqld server running on port: 3306 ?
170627 20:31:47 [ERROR] Aborting

170627 20:31:47  InnoDB: Starting shutdown...
170627 20:31:48  InnoDB: Shutdown completed; log sequence number 1648118
170627 20:31:48 [Note] Portable.Mysql.5.5.13-Very.Small\bin\mysqld.exe: Shutdown complete

170627 20:38:32 [Note] Plugin 'FEDERATED' is disabled.
170627 20:38:32 InnoDB: The InnoDB memory heap is disabled
170627 20:38:32 InnoDB: Mutexes and rw_locks use Windows interlocked functions
170627 20:38:32 InnoDB: Compressed tables use zlib 1.2.3
170627 20:38:32 InnoDB: Initializing buffer pool, size = 128.0M
170627 20:38:32 InnoDB: Completed initialization of buffer pool
170627 20:38:32 InnoDB: highest supported file format is Barracuda.
170627 20:38:33  InnoDB: Waiting for the background threads to start
170627 20:38:34 InnoDB: 1.1.7 started; log sequence number 1648118
170627 20:38:34 [ERROR] Can't start server: Bind on TCP/IP port: No such file or directory
170627 20:38:34 [ERROR] Do you already have another mysqld server running on port: 3306 ?
170627 20:38:34 [ERROR] Aborting

170627 20:38:34  InnoDB: Starting shutdown...
170627 20:38:34  InnoDB: Shutdown completed; log sequence number 1648118
170627 20:38:34 [Note] Portable.Mysql.5.5.13-Very.Small\bin\mysqld.exe: Shutdown complete

170627 20:39:39 [Note] Plugin 'FEDERATED' is disabled.
170627 20:39:39 InnoDB: The InnoDB memory heap is disabled
170627 20:39:39 InnoDB: Mutexes and rw_locks use Windows interlocked functions
170627 20:39:39 InnoDB: Compressed tables use zlib 1.2.3
170627 20:39:39 InnoDB: Initializing buffer pool, size = 128.0M
170627 20:39:39 InnoDB: Completed initialization of buffer pool
170627 20:39:39 InnoDB: highest supported file format is Barracuda.
170627 20:39:40  InnoDB: Waiting for the background threads to start
170627 20:39:41 InnoDB: 1.1.7 started; log sequence number 1648118
170627 20:39:41 [ERROR] Can't start server: Bind on TCP/IP port: No such file or directory
170627 20:39:41 [ERROR] Do you already have another mysqld server running on port: 3306 ?
170627 20:39:41 [ERROR] Aborting

170627 20:39:41  InnoDB: Starting shutdown...
170627 20:39:41  InnoDB: Shutdown completed; log sequence number 1648118
170627 20:39:41 [Note] Portable.Mysql.5.5.13-Very.Small\bin\mysqld.exe: Shutdown complete

170627 20:40:38 [Note] Plugin 'FEDERATED' is disabled.
170627 20:40:38 InnoDB: The InnoDB memory heap is disabled
170627 20:40:38 InnoDB: Mutexes and rw_locks use Windows interlocked functions
170627 20:40:38 InnoDB: Compressed tables use zlib 1.2.3
170627 20:40:38 InnoDB: Initializing buffer pool, size = 128.0M
170627 20:40:38 InnoDB: Completed initialization of buffer pool
170627 20:40:38 InnoDB: highest supported file format is Barracuda.
170627 20:40:38  InnoDB: Waiting for the background threads to start
170627 20:40:39 InnoDB: 1.1.7 started; log sequence number 1648118
170627 20:40:39 [ERROR] Can't start server: Bind on TCP/IP port: No such file or directory
170627 20:40:39 [ERROR] Do you already have another mysqld server running on port: 3306 ?
170627 20:40:39 [ERROR] Aborting

170627 20:40:39  InnoDB: Starting shutdown...
170627 20:40:40  InnoDB: Shutdown completed; log sequence number 1648118
170627 20:40:40 [Note] Portable.Mysql.5.5.13-Very.Small\bin\mysqld.exe: Shutdown complete

170627 20:42:01 [Note] Plugin 'FEDERATED' is disabled.
170627 20:42:01 InnoDB: The InnoDB memory heap is disabled
170627 20:42:01 InnoDB: Mutexes and rw_locks use Windows interlocked functions
170627 20:42:01 InnoDB: Compressed tables use zlib 1.2.3
170627 20:42:01 InnoDB: Initializing buffer pool, size = 128.0M
170627 20:42:01 InnoDB: Completed initialization of buffer pool
170627 20:42:02 InnoDB: highest supported file format is Barracuda.
170627 20:42:02  InnoDB: Waiting for the background threads to start
170627 20:42:03 InnoDB: 1.1.7 started; log sequence number 1648118
170627 20:42:03 [ERROR] Can't start server: Bind on TCP/IP port: No such file or directory
170627 20:42:03 [ERROR] Do you already have another mysqld server running on port: 3306 ?
170627 20:42:03 [ERROR] Aborting

170627 20:42:03  InnoDB: Starting shutdown...
170627 20:42:03  InnoDB: Shutdown completed; log sequence number 1648118
170627 20:42:03 [Note] Portable.Mysql.5.5.13-Very.Small\bin\mysqld.exe: Shutdown complete

170627 20:42:41 [Note] Plugin 'FEDERATED' is disabled.
170627 20:42:41 InnoDB: The InnoDB memory heap is disabled
170627 20:42:41 InnoDB: Mutexes and rw_locks use Windows interlocked functions
170627 20:42:41 InnoDB: Compressed tables use zlib 1.2.3
170627 20:42:41 InnoDB: Initializing buffer pool, size = 128.0M
170627 20:42:41 InnoDB: Completed initialization of buffer pool
170627 20:42:41 InnoDB: highest supported file format is Barracuda.
170627 20:42:42  InnoDB: Waiting for the background threads to start
170627 20:42:43 InnoDB: 1.1.7 started; log sequence number 1648118
170627 20:42:43 [ERROR] Can't start server: Bind on TCP/IP port: No such file or directory
170627 20:42:43 [ERROR] Do you already have another mysqld server running on port: 3306 ?
170627 20:42:43 [ERROR] Aborting

170627 20:42:43  InnoDB: Starting shutdown...
170627 20:42:43  InnoDB: Shutdown completed; log sequence number 1648118
170627 20:42:43 [Note] Portable.Mysql.5.5.13-Very.Small\bin\mysqld.exe: Shutdown complete

170627 20:44:43 [Note] Plugin 'FEDERATED' is disabled.
170627 20:44:43 InnoDB: The InnoDB memory heap is disabled
170627 20:44:43 InnoDB: Mutexes and rw_locks use Windows interlocked functions
170627 20:44:43 InnoDB: Compressed tables use zlib 1.2.3
170627 20:44:43 InnoDB: Initializing buffer pool, size = 128.0M
170627 20:44:43 InnoDB: Completed initialization of buffer pool
170627 20:44:43 InnoDB: highest supported file format is Barracuda.
170627 20:44:43  InnoDB: Waiting for the background threads to start
170627 20:44:44 InnoDB: 1.1.7 started; log sequence number 1648118
170627 20:44:44 [ERROR] Can't start server: Bind on TCP/IP port: No such file or directory
170627 20:44:44 [ERROR] Do you already have another mysqld server running on port: 3306 ?
170627 20:44:44 [ERROR] Aborting

170627 20:44:44  InnoDB: Starting shutdown...
170627 20:44:45  InnoDB: Shutdown completed; log sequence number 1648118
170627 20:44:45 [Note] Portable.Mysql.5.5.13-Very.Small\bin\mysqld.exe: Shutdown complete

170627 20:46:56 [Note] Plugin 'FEDERATED' is disabled.
170627 20:46:56 InnoDB: The InnoDB memory heap is disabled
170627 20:46:56 InnoDB: Mutexes and rw_locks use Windows interlocked functions
170627 20:46:56 InnoDB: Compressed tables use zlib 1.2.3
170627 20:46:56 InnoDB: Initializing buffer pool, size = 128.0M
170627 20:46:56 InnoDB: Completed initialization of buffer pool
170627 20:46:56 InnoDB: highest supported file format is Barracuda.
170627 20:46:56  InnoDB: Waiting for the background threads to start
170627 20:46:57 InnoDB: 1.1.7 started; log sequence number 1648118
170627 20:46:57 [ERROR] Can't start server: Bind on TCP/IP port: No such file or directory
170627 20:46:57 [ERROR] Do you already have another mysqld server running on port: 3306 ?
170627 20:46:57 [ERROR] Aborting

170627 20:46:57  InnoDB: Starting shutdown...
170627 20:46:58  InnoDB: Shutdown completed; log sequence number 1648118
170627 20:46:58 [Note] Portable.Mysql.5.5.13-Very.Small\bin\mysqld.exe: Shutdown complete

170627 20:52:40 [Note] Plugin 'FEDERATED' is disabled.
170627 20:52:40 InnoDB: The InnoDB memory heap is disabled
170627 20:52:40 InnoDB: Mutexes and rw_locks use Windows interlocked functions
170627 20:52:40 InnoDB: Compressed tables use zlib 1.2.3
170627 20:52:40 InnoDB: Initializing buffer pool, size = 128.0M
170627 20:52:40 InnoDB: Completed initialization of buffer pool
170627 20:52:40 InnoDB: highest supported file format is Barracuda.
170627 20:52:40  InnoDB: Waiting for the background threads to start
170627 20:52:41 InnoDB: 1.1.7 started; log sequence number 1648118
170627 20:52:41 [ERROR] Can't start server: Bind on TCP/IP port: No such file or directory
170627 20:52:41 [ERROR] Do you already have another mysqld server running on port: 3306 ?
170627 20:52:41 [ERROR] Aborting

170627 20:52:41  InnoDB: Starting shutdown...
170627 20:52:42  InnoDB: Shutdown completed; log sequence number 1648118
170627 20:52:42 [Note] Portable.Mysql.5.5.13-Very.Small\bin\mysqld.exe: Shutdown complete

170627 20:53:20 [Note] Plugin 'FEDERATED' is disabled.
170627 20:53:20 InnoDB: The InnoDB memory heap is disabled
170627 20:53:20 InnoDB: Mutexes and rw_locks use Windows interlocked functions
170627 20:53:20 InnoDB: Compressed tables use zlib 1.2.3
170627 20:53:20 InnoDB: Initializing buffer pool, size = 128.0M
170627 20:53:20 InnoDB: Completed initialization of buffer pool
170627 20:53:20 InnoDB: highest supported file format is Barracuda.
170627 20:53:21  InnoDB: Waiting for the background threads to start
170627 20:53:22 InnoDB: 1.1.7 started; log sequence number 1648118
170627 20:53:22 [ERROR] Can't start server: Bind on TCP/IP port: No such file or directory
170627 20:53:22 [ERROR] Do you already have another mysqld server running on port: 3306 ?
170627 20:53:22 [ERROR] Aborting

170627 20:53:22  InnoDB: Starting shutdown...
170627 20:53:22  InnoDB: Shutdown completed; log sequence number 1648118
170627 20:53:22 [Note] Portable.Mysql.5.5.13-Very.Small\bin\mysqld.exe: Shutdown complete

170627 20:54:33 [Note] Plugin 'FEDERATED' is disabled.
170627 20:54:33 InnoDB: The InnoDB memory heap is disabled
170627 20:54:33 InnoDB: Mutexes and rw_locks use Windows interlocked functions
170627 20:54:33 InnoDB: Compressed tables use zlib 1.2.3
170627 20:54:33 InnoDB: Initializing buffer pool, size = 128.0M
170627 20:54:33 InnoDB: Completed initialization of buffer pool
170627 20:54:33 InnoDB: highest supported file format is Barracuda.
170627 20:54:33  InnoDB: Waiting for the background threads to start
170627 20:54:34 InnoDB: 1.1.7 started; log sequence number 1648118
170627 20:54:34 [ERROR] Can't start server: Bind on TCP/IP port: No such file or directory
170627 20:54:34 [ERROR] Do you already have another mysqld server running on port: 3306 ?
170627 20:54:34 [ERROR] Aborting

170627 20:54:34  InnoDB: Starting shutdown...
170627 20:54:34  InnoDB: Shutdown completed; log sequence number 1648118
170627 20:54:34 [Note] Portable.Mysql.5.5.13-Very.Small\bin\mysqld.exe: Shutdown complete

170627 20:55:44 [Note] Plugin 'FEDERATED' is disabled.
170627 20:55:44 InnoDB: The InnoDB memory heap is disabled
170627 20:55:44 InnoDB: Mutexes and rw_locks use Windows interlocked functions
170627 20:55:44 InnoDB: Compressed tables use zlib 1.2.3
170627 20:55:44 InnoDB: Initializing buffer pool, size = 128.0M
170627 20:55:44 InnoDB: Completed initialization of buffer pool
170627 20:55:44 InnoDB: highest supported file format is Barracuda.
170627 20:55:44  InnoDB: Waiting for the background threads to start
170627 20:55:45 InnoDB: 1.1.7 started; log sequence number 1648118
170627 20:55:45 [ERROR] Can't start server: Bind on TCP/IP port: No such file or directory
170627 20:55:45 [ERROR] Do you already have another mysqld server running on port: 3306 ?
170627 20:55:45 [ERROR] Aborting

170627 20:55:45  InnoDB: Starting shutdown...
170627 20:55:46  InnoDB: Shutdown completed; log sequence number 1648118
170627 20:55:46 [Note] Portable.Mysql.5.5.13-Very.Small\bin\mysqld.exe: Shutdown complete

170627 20:57:41 [Note] Plugin 'FEDERATED' is disabled.
170627 20:57:41 InnoDB: The InnoDB memory heap is disabled
170627 20:57:41 InnoDB: Mutexes and rw_locks use Windows interlocked functions
170627 20:57:41 InnoDB: Compressed tables use zlib 1.2.3
170627 20:57:41 InnoDB: Initializing buffer pool, size = 128.0M
170627 20:57:41 InnoDB: Completed initialization of buffer pool
170627 20:57:41 InnoDB: highest supported file format is Barracuda.
170627 20:57:42  InnoDB: Waiting for the background threads to start
170627 20:57:43 InnoDB: 1.1.7 started; log sequence number 1648118
170627 21:04:06 [Note] Plugin 'FEDERATED' is disabled.
170627 21:04:06 InnoDB: The InnoDB memory heap is disabled
170627 21:04:06 InnoDB: Mutexes and rw_locks use Windows interlocked functions
170627 21:04:06 InnoDB: Compressed tables use zlib 1.2.3
170627 21:04:06 InnoDB: Initializing buffer pool, size = 128.0M
170627 21:04:06 InnoDB: Completed initialization of buffer pool
170627 21:04:06  InnoDB: Operating system error number 32 in a file operation.
InnoDB: The error means that another program is using InnoDB's files.
InnoDB: This might be a backup or antivirus software or another instance
InnoDB: of MySQL. Please close it to get rid of this error.
170627 21:04:16  InnoDB: Operating system error number 32 in a file operation.
InnoDB: The error means that another program is using InnoDB's files.
InnoDB: This might be a backup or antivirus software or another instance
InnoDB: of MySQL. Please close it to get rid of this error.
170627 21:04:26  InnoDB: Operating system error number 32 in a file operation.
InnoDB: The error means that another program is using InnoDB's files.
InnoDB: This might be a backup or antivirus software or another instance
InnoDB: of MySQL. Please close it to get rid of this error.
170627 21:04:36  InnoDB: Operating system error number 32 in a file operation.
InnoDB: The error means that another program is using InnoDB's files.
InnoDB: This might be a backup or antivirus software or another instance
InnoDB: of MySQL. Please close it to get rid of this error.
170627 21:04:46  InnoDB: Operating system error number 32 in a file operation.
InnoDB: The error means that another program is using InnoDB's files.
InnoDB: This might be a backup or antivirus software or another instance
InnoDB: of MySQL. Please close it to get rid of this error.
170627 21:04:56  InnoDB: Operating system error number 32 in a file operation.
InnoDB: The error means that another program is using InnoDB's files.
InnoDB: This might be a backup or antivirus software or another instance
InnoDB: of MySQL. Please close it to get rid of this error.
170627 21:05:06  InnoDB: Operating system error number 32 in a file operation.
InnoDB: The error means that another program is using InnoDB's files.
InnoDB: This might be a backup or antivirus software or another instance
InnoDB: of MySQL. Please close it to get rid of this error.
170627 21:05:16  InnoDB: Operating system error number 32 in a file operation.
InnoDB: The error means that another program is using InnoDB's files.
InnoDB: This might be a backup or antivirus software or another instance
InnoDB: of MySQL. Please close it to get rid of this error.
170627 21:05:26  InnoDB: Operating system error number 32 in a file operation.
InnoDB: The error means that another program is using InnoDB's files.
InnoDB: This might be a backup or antivirus software or another instance
InnoDB: of MySQL. Please close it to get rid of this error.
170627 21:05:36  InnoDB: Operating system error number 32 in a file operation.
InnoDB: The error means that another program is using InnoDB's files.
InnoDB: This might be a backup or antivirus software or another instance
InnoDB: of MySQL. Please close it to get rid of this error.
170627 21:05:46  InnoDB: Operating system error number 32 in a file operation.
InnoDB: The error means that another program is using InnoDB's files.
InnoDB: This might be a backup or antivirus software or another instance
InnoDB: of MySQL. Please close it to get rid of this error.
170627 21:05:56  InnoDB: Operating system error number 32 in a file operation.
InnoDB: The error means that another program is using InnoDB's files.
InnoDB: This might be a backup or antivirus software or another instance
InnoDB: of MySQL. Please close it to get rid of this error.
170627 21:06:06  InnoDB: Operating system error number 32 in a file operation.
InnoDB: The error means that another program is using InnoDB's files.
InnoDB: This might be a backup or antivirus software or another instance
InnoDB: of MySQL. Please close it to get rid of this error.
170627 21:08:41 [Note] Plugin 'FEDERATED' is disabled.
170627 21:08:41 InnoDB: The InnoDB memory heap is disabled
170627 21:08:41 InnoDB: Mutexes and rw_locks use Windows interlocked functions
170627 21:08:41 InnoDB: Compressed tables use zlib 1.2.3
170627 21:08:41 InnoDB: Initializing buffer pool, size = 128.0M
170627 21:08:41 InnoDB: Completed initialization of buffer pool
170627 21:08:41 InnoDB: highest supported file format is Barracuda.
170627 21:08:41  InnoDB: Waiting for the background threads to start
170627 21:08:42 InnoDB: 1.1.7 started; log sequence number 1648118
170627 21:08:42 [ERROR] Can't start server: Bind on TCP/IP port: No such file or directory
170627 21:08:42 [ERROR] Do you already have another mysqld server running on port: 3306 ?
170627 21:08:42 [ERROR] Aborting

170627 21:08:42  InnoDB: Starting shutdown...
170627 21:08:43  InnoDB: Shutdown completed; log sequence number 1648118
170627 21:08:43 [Note] Portable.Mysql.5.5.13-Very.Small\bin\mysqld.exe: Shutdown complete

170627 21:09:13 [Note] Plugin 'FEDERATED' is disabled.
170627 21:09:13 InnoDB: The InnoDB memory heap is disabled
170627 21:09:13 InnoDB: Mutexes and rw_locks use Windows interlocked functions
170627 21:09:13 InnoDB: Compressed tables use zlib 1.2.3
170627 21:09:13 InnoDB: Initializing buffer pool, size = 128.0M
170627 21:09:13 InnoDB: Completed initialization of buffer pool
170627 21:09:13 InnoDB: highest supported file format is Barracuda.
170627 21:09:13  InnoDB: Waiting for the background threads to start
170627 21:09:14 InnoDB: 1.1.7 started; log sequence number 1648118
170627 21:09:14 [ERROR] Can't start server: Bind on TCP/IP port: No such file or directory
170627 21:09:14 [ERROR] Do you already have another mysqld server running on port: 3306 ?
170627 21:09:14 [ERROR] Aborting

170627 21:09:14  InnoDB: Starting shutdown...
170627 21:09:15  InnoDB: Shutdown completed; log sequence number 1648118
170627 21:09:15 [Note] Portable.Mysql.5.5.13-Very.Small\bin\mysqld.exe: Shutdown complete

170627 21:10:28 [Note] Plugin 'FEDERATED' is disabled.
170627 21:10:28 InnoDB: The InnoDB memory heap is disabled
170627 21:10:28 InnoDB: Mutexes and rw_locks use Windows interlocked functions
170627 21:10:28 InnoDB: Compressed tables use zlib 1.2.3
170627 21:10:28 InnoDB: Initializing buffer pool, size = 128.0M
170627 21:10:28 InnoDB: Completed initialization of buffer pool
170627 21:10:28 InnoDB: highest supported file format is Barracuda.
170627 21:10:29  InnoDB: Waiting for the background threads to start
170627 21:10:30 InnoDB: 1.1.7 started; log sequence number 1648118
170627 21:10:30 [ERROR] Can't start server: Bind on TCP/IP port: No such file or directory
170627 21:10:30 [ERROR] Do you already have another mysqld server running on port: 3306 ?
170627 21:10:30 [ERROR] Aborting

170627 21:10:30  InnoDB: Starting shutdown...
170627 21:10:30  InnoDB: Shutdown completed; log sequence number 1648118
170627 21:10:30 [Note] Portable.Mysql.5.5.13-Very.Small\bin\mysqld.exe: Shutdown complete

170628  9:27:47 [Note] Plugin 'FEDERATED' is disabled.
170628  9:27:47 InnoDB: The InnoDB memory heap is disabled
170628  9:27:47 InnoDB: Mutexes and rw_locks use Windows interlocked functions
170628  9:27:47 InnoDB: Compressed tables use zlib 1.2.3
170628  9:27:47 InnoDB: Initializing buffer pool, size = 128.0M
170628  9:27:47 InnoDB: Completed initialization of buffer pool
170628  9:27:47 InnoDB: highest supported file format is Barracuda.
170628  9:27:47  InnoDB: Waiting for the background threads to start
170628  9:27:48 InnoDB: 1.1.7 started; log sequence number 1648118
170628  9:37:05 [Note] Plugin 'FEDERATED' is disabled.
170628  9:37:05 InnoDB: The InnoDB memory heap is disabled
170628  9:37:05 InnoDB: Mutexes and rw_locks use Windows interlocked functions
170628  9:37:05 InnoDB: Compressed tables use zlib 1.2.3
170628  9:37:05 InnoDB: Initializing buffer pool, size = 128.0M
170628  9:37:05 InnoDB: Completed initialization of buffer pool
170628  9:37:05 InnoDB: highest supported file format is Barracuda.
170628  9:37:05  InnoDB: Waiting for the background threads to start
170628  9:37:06 InnoDB: 1.1.7 started; log sequence number 1648118
170628  9:37:06 [ERROR] Native table 'performance_schema'.'events_waits_current' has the wrong structure
170628  9:37:06 [ERROR] Native table 'performance_schema'.'events_waits_history' has the wrong structure
170628  9:37:06 [ERROR] Native table 'performance_schema'.'events_waits_history_long' has the wrong structure
170628  9:37:06 [ERROR] Native table 'performance_schema'.'setup_consumers' has the wrong structure
170628  9:37:06 [ERROR] Native table 'performance_schema'.'setup_instruments' has the wrong structure
170628  9:37:06 [ERROR] Native table 'performance_schema'.'setup_timers' has the wrong structure
170628  9:37:06 [ERROR] Native table 'performance_schema'.'performance_timers' has the wrong structure
170628  9:37:06 [ERROR] Native table 'performance_schema'.'threads' has the wrong structure
170628  9:37:06 [ERROR] Native table 'performance_schema'.'events_waits_summary_by_thread_by_event_name' has the wrong structure
170628  9:37:06 [ERROR] Native table 'performance_schema'.'events_waits_summary_by_instance' has the wrong structure
170628  9:37:06 [ERROR] Native table 'performance_schema'.'events_waits_summary_global_by_event_name' has the wrong structure
170628  9:37:06 [ERROR] Native table 'performance_schema'.'file_summary_by_event_name' has the wrong structure
170628  9:37:06 [ERROR] Native table 'performance_schema'.'file_summary_by_instance' has the wrong structure
170628  9:37:06 [ERROR] Native table 'performance_schema'.'mutex_instances' has the wrong structure
170628  9:37:06 [ERROR] Native table 'performance_schema'.'rwlock_instances' has the wrong structure
170628  9:37:06 [ERROR] Native table 'performance_schema'.'cond_instances' has the wrong structure
170628  9:37:06 [ERROR] Native table 'performance_schema'.'file_instances' has the wrong structure
170628  9:37:06 [Note] Event Scheduler: Loaded 0 events
170628  9:37:06 [Note] mysqld.exe: ready for connections.
Version: '5.5.13'  socket: ''  port: 3306  MySQL Community Server (GPL)
170628  9:39:57 [Note] Plugin 'FEDERATED' is disabled.
170628  9:39:57 InnoDB: The InnoDB memory heap is disabled
170628  9:39:57 InnoDB: Mutexes and rw_locks use Windows interlocked functions
170628  9:39:57 InnoDB: Compressed tables use zlib 1.2.3
170628  9:39:57 InnoDB: Initializing buffer pool, size = 128.0M
170628  9:39:57 InnoDB: Completed initialization of buffer pool
170628  9:39:57  InnoDB: Operating system error number 32 in a file operation.
InnoDB: The error means that another program is using InnoDB's files.
InnoDB: This might be a backup or antivirus software or another instance
InnoDB: of MySQL. Please close it to get rid of this error.
170628  9:40:07  InnoDB: Operating system error number 32 in a file operation.
InnoDB: The error means that another program is using InnoDB's files.
InnoDB: This might be a backup or antivirus software or another instance
InnoDB: of MySQL. Please close it to get rid of this error.
170628  9:40:17  InnoDB: Operating system error number 32 in a file operation.
InnoDB: The error means that another program is using InnoDB's files.
InnoDB: This might be a backup or antivirus software or another instance
InnoDB: of MySQL. Please close it to get rid of this error.
170628  9:40:27  InnoDB: Operating system error number 32 in a file operation.
InnoDB: The error means that another program is using InnoDB's files.
InnoDB: This might be a backup or antivirus software or another instance
InnoDB: of MySQL. Please close it to get rid of this error.
170628  9:40:37  InnoDB: Operating system error number 32 in a file operation.
InnoDB: The error means that another program is using InnoDB's files.
InnoDB: This might be a backup or antivirus software or another instance
InnoDB: of MySQL. Please close it to get rid of this error.
170628  9:40:47  InnoDB: Operating system error number 32 in a file operation.
InnoDB: The error means that another program is using InnoDB's files.
InnoDB: This might be a backup or antivirus software or another instance
InnoDB: of MySQL. Please close it to get rid of this error.
170628  9:40:57  InnoDB: Operating system error number 32 in a file operation.
InnoDB: The error means that another program is using InnoDB's files.
InnoDB: This might be a backup or antivirus software or another instance
InnoDB: of MySQL. Please close it to get rid of this error.
170628  9:41:07  InnoDB: Operating system error number 32 in a file operation.
InnoDB: The error means that another program is using InnoDB's files.
InnoDB: This might be a backup or antivirus software or another instance
InnoDB: of MySQL. Please close it to get rid of this error.
170628  9:41:17  InnoDB: Operating system error number 32 in a file operation.
InnoDB: The error means that another program is using InnoDB's files.
InnoDB: This might be a backup or antivirus software or another instance
InnoDB: of MySQL. Please close it to get rid of this error.
170628  9:41:27  InnoDB: Operating system error number 32 in a file operation.
InnoDB: The error means that another program is using InnoDB's files.
InnoDB: This might be a backup or antivirus software or another instance
InnoDB: of MySQL. Please close it to get rid of this error.
170628  9:41:37  InnoDB: Operating system error number 32 in a file operation.
InnoDB: The error means that another program is using InnoDB's files.
InnoDB: This might be a backup or antivirus software or another instance
InnoDB: of MySQL. Please close it to get rid of this error.
170628  9:42:38 [Note] Plugin 'FEDERATED' is disabled.
170628  9:42:38 InnoDB: The InnoDB memory heap is disabled
170628  9:42:38 InnoDB: Mutexes and rw_locks use Windows interlocked functions
170628  9:42:38 InnoDB: Compressed tables use zlib 1.2.3
170628  9:42:38 InnoDB: Initializing buffer pool, size = 128.0M
170628  9:42:38 InnoDB: Completed initialization of buffer pool
170628  9:42:38 InnoDB: Error: tablespace size must be at least 10 MB
170628  9:42:38 [ERROR] Plugin 'InnoDB' init function returned error.
170628  9:42:38 [ERROR] Plugin 'InnoDB' registration as a STORAGE ENGINE failed.
170628  9:42:38 [ERROR] Can't start server: Bind on TCP/IP port: No such file or directory
170628  9:42:38 [ERROR] Do you already have another mysqld server running on port: 3306 ?
170628  9:42:38 [ERROR] Aborting

170628  9:42:38 [Note] D:\tools\archivist\Implementation\ProjectFiles\installation\archivist\Portable.Mysql.5.5.13-Very.Small\bin\mysqld.exe: Shutdown complete

170628  9:43:09 [Note] Plugin 'FEDERATED' is disabled.
170628  9:43:09 InnoDB: The InnoDB memory heap is disabled
170628  9:43:09 InnoDB: Mutexes and rw_locks use Windows interlocked functions
170628  9:43:09 InnoDB: Compressed tables use zlib 1.2.3
170628  9:43:09 InnoDB: Initializing buffer pool, size = 128.0M
170628  9:43:09 InnoDB: Completed initialization of buffer pool
170628  9:43:09 InnoDB: Error: tablespace size must be at least 10 MB
170628  9:43:09 [ERROR] Plugin 'InnoDB' init function returned error.
170628  9:43:09 [ERROR] Plugin 'InnoDB' registration as a STORAGE ENGINE failed.
